<?xml version="1.0" encoding="UTF-8"?>
<testng-results ignored="0" total="1" passed="1" failed="0" skipped="0">
  <reporter-output>
  </reporter-output>
  <suite started-at="2026-04-04T10:54:09 IST" name="Default suite" finished-at="2026-04-04T10:54:14 IST" duration-ms="5210">
    <groups>
    </groups>
    <test started-at="2026-04-04T10:54:09 IST" name="Default test" finished-at="2026-04-04T10:54:14 IST" duration-ms="5210">
      <class name="tutorialsninga.register.TC_RE_03">
        <test-method signature="verifyRegisterAllFields()[pri:0, instance:tutorialsninga.register.TC_RE_03@351d00c0]" started-at="2026-04-04T10:54:09 IST" name="verifyRegisterAllFields" finished-at="2026-04-04T10:54:14 IST" duration-ms="5174" status="PASS">
          <reporter-output>
          </reporter-output>
        </test-method> <!-- verifyRegisterAllFields -->
      </class> <!-- tutorialsninga.register.TC_RE_03 -->
    </test> <!-- Default test -->
  </suite> <!-- Default suite -->
</testng-results>
